0 info it worked if it ends with ok
1 verbose cli [ 'node',
1 verbose cli   '/usr/local/bin/npm',
1 verbose cli   'install',
1 verbose cli   '-g',
1 verbose cli   'generator-angular-fullstack' ]
2 info using npm@1.4.3
3 info using node@v0.10.26
4 verbose cache add [ 'generator-angular-fullstack', null ]
5 verbose cache add name=undefined spec="generator-angular-fullstack" args=["generator-angular-fullstack",null]
6 verbose parsed url { protocol: null,
6 verbose parsed url   slashes: null,
6 verbose parsed url   auth: null,
6 verbose parsed url   host: null,
6 verbose parsed url   port: null,
6 verbose parsed url   hostname: null,
6 verbose parsed url   hash: null,
6 verbose parsed url   search: null,
6 verbose parsed url   query: null,
6 verbose parsed url   pathname: 'generator-angular-fullstack',
6 verbose parsed url   path: 'generator-angular-fullstack',
6 verbose parsed url   href: 'generator-angular-fullstack' }
7 silly lockFile 41fe2745-generator-angular-fullstack generator-angular-fullstack
8 verbose lock generator-angular-fullstack /Users/charosez/.npm/41fe2745-generator-angular-fullstack.lock
9 silly lockFile 41fe2745-generator-angular-fullstack generator-angular-fullstack
10 silly lockFile 41fe2745-generator-angular-fullstack generator-angular-fullstack
11 verbose addNamed [ 'generator-angular-fullstack', '' ]
12 verbose addNamed [ null, '*' ]
13 silly lockFile 8bc0e010-generator-angular-fullstack generator-angular-fullstack@
14 verbose lock generator-angular-fullstack@ /Users/charosez/.npm/8bc0e010-generator-angular-fullstack.lock
15 silly addNameRange { name: 'generator-angular-fullstack',
15 silly addNameRange   range: '*',
15 silly addNameRange   hasData: false }
16 verbose url raw generator-angular-fullstack
17 verbose url resolving [ 'https://registry.npmjs.org/',
17 verbose url resolving   './generator-angular-fullstack' ]
18 verbose url resolved https://registry.npmjs.org/generator-angular-fullstack
19 info trying registry request attempt 1 at 23:13:53
20 http GET https://registry.npmjs.org/generator-angular-fullstack
21 http 200 https://registry.npmjs.org/generator-angular-fullstack
22 silly registry.get cb [ 200,
22 silly registry.get   { date: 'Sat, 19 Apr 2014 06:13:57 GMT',
22 silly registry.get     server: 'CouchDB/1.5.0 (Erlang OTP/R14B04)',
22 silly registry.get     etag: '"8T1NX9NECKMBR3OF5URLG7OSO"',
22 silly registry.get     'content-type': 'application/json',
22 silly registry.get     via: '1.1 varnish',
22 silly registry.get     'cache-control': 'max-age=1',
22 silly registry.get     'content-length': '50639',
22 silly registry.get     'accept-ranges': 'bytes',
22 silly registry.get     age: '214',
22 silly registry.get     'x-served-by': 'cache-v41-ASH, cache-sv61-SJC3',
22 silly registry.get     'x-cache': 'HIT, MISS',
22 silly registry.get     'x-cache-hits': '1, 0',
22 silly registry.get     'x-timer': 'S1397888036.965007067,VS0,VS37,VE80,VE117',
22 silly registry.get     vary: 'Accept',
22 silly registry.get     'keep-alive': 'timeout=10, max=50',
22 silly registry.get     connection: 'Keep-Alive' } ]
23 silly addNameRange number 2 { name: 'generator-angular-fullstack',
23 silly addNameRange   range: '*',
23 silly addNameRange   hasData: true }
24 silly addNameRange versions [ 'generator-angular-fullstack',
24 silly addNameRange   [ '0.0.1',
24 silly addNameRange     '0.0.2',
24 silly addNameRange     '0.0.3',
24 silly addNameRange     '0.0.4',
24 silly addNameRange     '0.0.5',
24 silly addNameRange     '0.1.0',
24 silly addNameRange     '0.2.0',
24 silly addNameRange     '1.0.0',
24 silly addNameRange     '1.0.1',
24 silly addNameRange     '1.1.0',
24 silly addNameRange     '1.1.1',
24 silly addNameRange     '1.2.0',
24 silly addNameRange     '1.2.1',
24 silly addNameRange     '1.2.2',
24 silly addNameRange     '1.2.3',
24 silly addNameRange     '1.2.4',
24 silly addNameRange     '1.2.5',
24 silly addNameRange     '1.2.6',
24 silly addNameRange     '1.2.7',
24 silly addNameRange     '1.3.0',
24 silly addNameRange     '1.3.1',
24 silly addNameRange     '1.3.2',
24 silly addNameRange     '1.3.3',
24 silly addNameRange     '1.4.0',
24 silly addNameRange     '1.4.1',
24 silly addNameRange     '1.4.2' ] ]
25 verbose addNamed [ 'generator-angular-fullstack', '1.4.2' ]
26 verbose addNamed [ '1.4.2', '1.4.2' ]
27 silly lockFile 76b2f78e-enerator-angular-fullstack-1-4-2 generator-angular-fullstack@1.4.2
28 verbose lock generator-angular-fullstack@1.4.2 /Users/charosez/.npm/76b2f78e-enerator-angular-fullstack-1-4-2.lock
29 silly lockFile 88b27913-ator-angular-fullstack-1-4-2-tgz https://registry.npmjs.org/generator-angular-fullstack/-/generator-angular-fullstack-1.4.2.tgz
30 verbose lock https://registry.npmjs.org/generator-angular-fullstack/-/generator-angular-fullstack-1.4.2.tgz /Users/charosez/.npm/88b27913-ator-angular-fullstack-1-4-2-tgz.lock
31 verbose addRemoteTarball [ 'https://registry.npmjs.org/generator-angular-fullstack/-/generator-angular-fullstack-1.4.2.tgz',
31 verbose addRemoteTarball   'bae220012aabd5a208e25ed81b987568d622da3a' ]
32 info retry fetch attempt 1 at 23:13:54
33 verbose fetch to= /var/folders/hr/qp645pn1047_v31m2nby2ttc0000gn/T/npm-14018-TjTtN_QT/1397888034057-0.20032848441042006/tmp.tgz
34 http GET https://registry.npmjs.org/generator-angular-fullstack/-/generator-angular-fullstack-1.4.2.tgz
35 http 200 https://registry.npmjs.org/generator-angular-fullstack/-/generator-angular-fullstack-1.4.2.tgz
36 verbose tar unpack /var/folders/hr/qp645pn1047_v31m2nby2ttc0000gn/T/npm-14018-TjTtN_QT/1397888034057-0.20032848441042006/tmp.tgz
37 silly lockFile 93ca4313-4057-0-20032848441042006-package tar:///var/folders/hr/qp645pn1047_v31m2nby2ttc0000gn/T/npm-14018-TjTtN_QT/1397888034057-0.20032848441042006/package
38 verbose lock tar:///var/folders/hr/qp645pn1047_v31m2nby2ttc0000gn/T/npm-14018-TjTtN_QT/1397888034057-0.20032848441042006/package /Users/charosez/.npm/93ca4313-4057-0-20032848441042006-package.lock
39 silly lockFile 3d4f67dc-4057-0-20032848441042006-tmp-tgz tar:///var/folders/hr/qp645pn1047_v31m2nby2ttc0000gn/T/npm-14018-TjTtN_QT/1397888034057-0.20032848441042006/tmp.tgz
40 verbose lock tar:///var/folders/hr/qp645pn1047_v31m2nby2ttc0000gn/T/npm-14018-TjTtN_QT/1397888034057-0.20032848441042006/tmp.tgz /Users/charosez/.npm/3d4f67dc-4057-0-20032848441042006-tmp-tgz.lock
41 silly gunzTarPerm modes [ '755', '644' ]
42 silly gunzTarPerm extractEntry package.json
43 silly gunzTarPerm modified mode [ 'package.json', 438, 420 ]
44 silly gunzTarPerm extractEntry .npmignore
45 silly gunzTarPerm modified mode [ '.npmignore', 438, 420 ]
46 silly gunzTarPerm extractEntry Gruntfile.js
47 silly gunzTarPerm modified mode [ 'Gruntfile.js', 438, 420 ]
48 silly gunzTarPerm extractEntry script-base.js
49 silly gunzTarPerm modified mode [ 'script-base.js', 438, 420 ]
50 silly gunzTarPerm extractEntry util.js
51 silly gunzTarPerm modified mode [ 'util.js', 438, 420 ]
52 silly gunzTarPerm extractEntry factory/index.js
53 silly gunzTarPerm modified mode [ 'factory/index.js', 438, 420 ]
54 silly gunzTarPerm extractEntry factory/USAGE
55 silly gunzTarPerm modified mode [ 'factory/USAGE', 438, 420 ]
56 silly gunzTarPerm extractEntry .jshintrc
57 silly gunzTarPerm modified mode [ '.jshintrc', 438, 420 ]
58 silly gunzTarPerm extractEntry app/index.js
59 silly gunzTarPerm modified mode [ 'app/index.js', 438, 420 ]
60 silly gunzTarPerm extractEntry app/USAGE
61 silly gunzTarPerm modified mode [ 'app/USAGE', 438, 420 ]
62 silly gunzTarPerm extractEntry app/templates/fonts/glyphicons-halflings-regular.eot
63 silly gunzTarPerm modified mode [ 'app/templates/fonts/glyphicons-halflings-regular.eot',
63 silly gunzTarPerm   438,
63 silly gunzTarPerm   420 ]
64 silly gunzTarPerm extractEntry app/templates/fonts/glyphicons-halflings-regular.svg
65 silly gunzTarPerm modified mode [ 'app/templates/fonts/glyphicons-halflings-regular.svg',
65 silly gunzTarPerm   438,
65 silly gunzTarPerm   420 ]
66 silly gunzTarPerm extractEntry app/templates/fonts/glyphicons-halflings-regular.ttf
67 silly gunzTarPerm modified mode [ 'app/templates/fonts/glyphicons-halflings-regular.ttf',
67 silly gunzTarPerm   438,
67 silly gunzTarPerm   420 ]
68 silly gunzTarPerm extractEntry app/templates/fonts/glyphicons-halflings-regular.woff
69 silly gunzTarPerm modified mode [ 'app/templates/fonts/glyphicons-halflings-regular.woff',
69 silly gunzTarPerm   438,
69 silly gunzTarPerm   420 ]
70 silly gunzTarPerm extractEntry app/templates/images/yeoman.png
71 silly gunzTarPerm modified mode [ 'app/templates/images/yeoman.png', 438, 420 ]
72 silly gunzTarPerm extractEntry app/templates/styles/main.css
73 silly gunzTarPerm modified mode [ 'app/templates/styles/main.css', 438, 420 ]
74 silly gunzTarPerm extractEntry app/templates/styles/main.scss
75 silly gunzTarPerm modified mode [ 'app/templates/styles/main.scss', 438, 420 ]
76 silly gunzTarPerm extractEntry common/index.js
77 silly gunzTarPerm modified mode [ 'common/index.js', 438, 420 ]
78 silly gunzTarPerm extractEntry constant/index.js
79 silly gunzTarPerm modified mode [ 'constant/index.js', 438, 420 ]
80 silly gunzTarPerm extractEntry constant/USAGE
81 silly gunzTarPerm modified mode [ 'constant/USAGE', 438, 420 ]
82 silly gunzTarPerm extractEntry contributing.md
83 silly gunzTarPerm modified mode [ 'contributing.md', 438, 420 ]
84 silly gunzTarPerm extractEntry controller/index.js
85 silly gunzTarPerm modified mode [ 'controller/index.js', 438, 420 ]
86 silly gunzTarPerm extractEntry controller/USAGE
87 silly gunzTarPerm modified mode [ 'controller/USAGE', 438, 420 ]
88 silly gunzTarPerm extractEntry decorator/index.js
89 silly gunzTarPerm modified mode [ 'decorator/index.js', 438, 420 ]
90 silly gunzTarPerm extractEntry decorator/USAGE
91 silly gunzTarPerm modified mode [ 'decorator/USAGE', 438, 420 ]
92 silly gunzTarPerm extractEntry deploy/index.js
93 silly gunzTarPerm modified mode [ 'deploy/index.js', 438, 420 ]
94 silly gunzTarPerm extractEntry deploy/USAGE
95 silly gunzTarPerm modified mode [ 'deploy/USAGE', 438, 420 ]
96 silly gunzTarPerm extractEntry directive/index.js
97 silly gunzTarPerm modified mode [ 'directive/index.js', 438, 420 ]
98 silly gunzTarPerm extractEntry directive/USAGE
99 silly gunzTarPerm modified mode [ 'directive/USAGE', 438, 420 ]
100 silly gunzTarPerm extractEntry .gitattributes
101 silly gunzTarPerm modified mode [ '.gitattributes', 438, 420 ]
102 silly gunzTarPerm extractEntry filter/index.js
103 silly gunzTarPerm modified mode [ 'filter/index.js', 438, 420 ]
104 silly gunzTarPerm extractEntry filter/USAGE
105 silly gunzTarPerm modified mode [ 'filter/USAGE', 438, 420 ]
106 silly gunzTarPerm extractEntry heroku/index.js
107 silly gunzTarPerm modified mode [ 'heroku/index.js', 438, 420 ]
108 silly gunzTarPerm extractEntry heroku/USAGE
109 silly gunzTarPerm modified mode [ 'heroku/USAGE', 438, 420 ]
110 silly gunzTarPerm extractEntry main/index.js
111 silly gunzTarPerm modified mode [ 'main/index.js', 438, 420 ]
112 silly gunzTarPerm extractEntry openshift/index.js
113 silly gunzTarPerm modified mode [ 'openshift/index.js', 438, 420 ]
114 silly gunzTarPerm extractEntry openshift/USAGE
115 silly gunzTarPerm modified mode [ 'openshift/USAGE', 438, 420 ]
116 silly gunzTarPerm extractEntry .editorconfig
117 silly gunzTarPerm modified mode [ '.editorconfig', 438, 420 ]
118 silly gunzTarPerm extractEntry provider/index.js
119 silly gunzTarPerm modified mode [ 'provider/index.js', 438, 420 ]
120 silly gunzTarPerm extractEntry provider/USAGE
121 silly gunzTarPerm modified mode [ 'provider/USAGE', 438, 420 ]
122 silly gunzTarPerm extractEntry readme.md
123 silly gunzTarPerm modified mode [ 'readme.md', 438, 420 ]
124 silly gunzTarPerm extractEntry route/index.js
125 silly gunzTarPerm modified mode [ 'route/index.js', 438, 420 ]
126 silly gunzTarPerm extractEntry route/USAGE
127 silly gunzTarPerm modified mode [ 'route/USAGE', 438, 420 ]
128 silly gunzTarPerm extractEntry .travis.yml
129 silly gunzTarPerm modified mode [ '.travis.yml', 438, 420 ]
130 silly gunzTarPerm extractEntry service/index.js
131 silly gunzTarPerm modified mode [ 'service/index.js', 438, 420 ]
132 silly gunzTarPerm extractEntry service/USAGE
133 silly gunzTarPerm modified mode [ 'service/USAGE', 438, 420 ]
134 silly gunzTarPerm extractEntry templates/coffeescript/app.coffee
135 silly gunzTarPerm modified mode [ 'templates/coffeescript/app.coffee', 438, 420 ]
136 silly gunzTarPerm extractEntry templates/coffeescript/controller.coffee
137 silly gunzTarPerm modified mode [ 'templates/coffeescript/controller.coffee', 438, 420 ]
138 silly gunzTarPerm extractEntry templates/coffeescript/controllers/login.coffee
139 silly gunzTarPerm modified mode [ 'templates/coffeescript/controllers/login.coffee', 438, 420 ]
140 silly gunzTarPerm extractEntry templates/coffeescript/controllers/navbar.coffee
141 silly gunzTarPerm modified mode [ 'templates/coffeescript/controllers/navbar.coffee', 438, 420 ]
142 silly gunzTarPerm extractEntry templates/coffeescript/controllers/settings.coffee
143 silly gunzTarPerm modified mode [ 'templates/coffeescript/controllers/settings.coffee',
143 silly gunzTarPerm   438,
143 silly gunzTarPerm   420 ]
144 silly gunzTarPerm extractEntry templates/coffeescript/controllers/signup.coffee
145 silly gunzTarPerm modified mode [ 'templates/coffeescript/controllers/signup.coffee', 438, 420 ]
146 silly gunzTarPerm extractEntry templates/coffeescript/decorator.coffee
147 silly gunzTarPerm modified mode [ 'templates/coffeescript/decorator.coffee', 438, 420 ]
148 silly gunzTarPerm extractEntry templates/coffeescript/directive.coffee
149 silly gunzTarPerm modified mode [ 'templates/coffeescript/directive.coffee', 438, 420 ]
150 silly gunzTarPerm extractEntry templates/coffeescript/directives/mongooseError.coffee
151 silly gunzTarPerm modified mode [ 'templates/coffeescript/directives/mongooseError.coffee',
151 silly gunzTarPerm   438,
151 silly gunzTarPerm   420 ]
152 silly gunzTarPerm extractEntry templates/coffeescript/filter.coffee
153 silly gunzTarPerm modified mode [ 'templates/coffeescript/filter.coffee', 438, 420 ]
154 silly gunzTarPerm extractEntry templates/coffeescript/service/constant.coffee
155 silly gunzTarPerm modified mode [ 'templates/coffeescript/service/constant.coffee', 438, 420 ]
156 silly gunzTarPerm extractEntry templates/coffeescript/service/factory.coffee
157 silly gunzTarPerm modified mode [ 'templates/coffeescript/service/factory.coffee', 438, 420 ]
158 silly gunzTarPerm extractEntry templates/coffeescript/service/provider.coffee
159 silly gunzTarPerm modified mode [ 'templates/coffeescript/service/provider.coffee', 438, 420 ]
160 silly gunzTarPerm extractEntry templates/coffeescript/service/service.coffee
161 silly gunzTarPerm modified mode [ 'templates/coffeescript/service/service.coffee', 438, 420 ]
162 silly gunzTarPerm extractEntry templates/coffeescript/service/value.coffee
163 silly gunzTarPerm modified mode [ 'templates/coffeescript/service/value.coffee', 438, 420 ]
164 silly gunzTarPerm extractEntry templates/coffeescript/services/auth.coffee
165 silly gunzTarPerm modified mode [ 'templates/coffeescript/services/auth.coffee', 438, 420 ]
166 silly gunzTarPerm extractEntry templates/coffeescript/services/session.coffee
167 silly gunzTarPerm modified mode [ 'templates/coffeescript/services/session.coffee', 438, 420 ]
168 silly gunzTarPerm extractEntry templates/coffeescript/services/user.coffee
169 silly gunzTarPerm modified mode [ 'templates/coffeescript/services/user.coffee', 438, 420 ]
170 silly gunzTarPerm extractEntry templates/coffeescript/spec/controller.coffee
171 silly gunzTarPerm modified mode [ 'templates/coffeescript/spec/controller.coffee', 438, 420 ]
172 silly gunzTarPerm extractEntry templates/coffeescript/spec/directive.coffee
173 silly gunzTarPerm modified mode [ 'templates/coffeescript/spec/directive.coffee', 438, 420 ]
174 silly gunzTarPerm extractEntry templates/coffeescript/spec/filter.coffee
175 silly gunzTarPerm modified mode [ 'templates/coffeescript/spec/filter.coffee', 438, 420 ]
176 silly gunzTarPerm extractEntry templates/coffeescript/spec/service.coffee
177 silly gunzTarPerm modified mode [ 'templates/coffeescript/spec/service.coffee', 438, 420 ]
178 silly gunzTarPerm extractEntry templates/coffeescript-min/app.coffee
179 silly gunzTarPerm modified mode [ 'templates/coffeescript-min/app.coffee', 438, 420 ]
180 silly gunzTarPerm extractEntry templates/coffeescript-min/auth.coffee
181 silly gunzTarPerm modified mode [ 'templates/coffeescript-min/auth.coffee', 438, 420 ]
182 silly gunzTarPerm extractEntry templates/coffeescript-min/controller.coffee
183 silly gunzTarPerm modified mode [ 'templates/coffeescript-min/controller.coffee', 438, 420 ]
184 silly gunzTarPerm extractEntry templates/coffeescript-min/decorator.coffee
185 silly gunzTarPerm modified mode [ 'templates/coffeescript-min/decorator.coffee', 438, 420 ]
186 silly gunzTarPerm extractEntry templates/coffeescript-min/directive.coffee
187 silly gunzTarPerm modified mode [ 'templates/coffeescript-min/directive.coffee', 438, 420 ]
188 silly gunzTarPerm extractEntry templates/coffeescript-min/filter.coffee
189 silly gunzTarPerm modified mode [ 'templates/coffeescript-min/filter.coffee', 438, 420 ]
190 silly gunzTarPerm extractEntry templates/coffeescript-min/navbar.coffee
191 silly gunzTarPerm modified mode [ 'templates/coffeescript-min/navbar.coffee', 438, 420 ]
192 silly gunzTarPerm extractEntry templates/coffeescript-min/service/constant.coffee
193 silly gunzTarPerm modified mode [ 'templates/coffeescript-min/service/constant.coffee',
193 silly gunzTarPerm   438,
193 silly gunzTarPerm   420 ]
194 silly gunzTarPerm extractEntry templates/coffeescript-min/service/factory.coffee
195 silly gunzTarPerm modified mode [ 'templates/coffeescript-min/service/factory.coffee', 438, 420 ]
196 silly gunzTarPerm extractEntry templates/coffeescript-min/service/provider.coffee
197 silly gunzTarPerm modified mode [ 'templates/coffeescript-min/service/provider.coffee',
197 silly gunzTarPerm   438,
197 silly gunzTarPerm   420 ]
198 silly gunzTarPerm extractEntry templates/coffeescript-min/service/service.coffee
199 silly gunzTarPerm modified mode [ 'templates/coffeescript-min/service/service.coffee', 438, 420 ]
200 silly gunzTarPerm extractEntry templates/coffeescript-min/service/value.coffee
201 silly gunzTarPerm modified mode [ 'templates/coffeescript-min/service/value.coffee', 438, 420 ]
202 silly gunzTarPerm extractEntry templates/coffeescript-min/spec/controller.coffee
203 silly gunzTarPerm modified mode [ 'templates/coffeescript-min/spec/controller.coffee', 438, 420 ]
204 silly gunzTarPerm extractEntry templates/coffeescript-min/spec/directive.coffee
205 silly gunzTarPerm modified mode [ 'templates/coffeescript-min/spec/directive.coffee', 438, 420 ]
206 silly gunzTarPerm extractEntry templates/coffeescript-min/spec/filter.coffee
207 silly gunzTarPerm modified mode [ 'templates/coffeescript-min/spec/filter.coffee', 438, 420 ]
208 silly gunzTarPerm extractEntry templates/coffeescript-min/spec/service.coffee
209 silly gunzTarPerm modified mode [ 'templates/coffeescript-min/spec/service.coffee', 438, 420 ]
210 silly gunzTarPerm extractEntry templates/common/Gruntfile.js
211 silly gunzTarPerm modified mode [ 'templates/common/Gruntfile.js', 438, 420 ]
212 silly gunzTarPerm extractEntry templates/common/_bower.json
213 silly gunzTarPerm modified mode [ 'templates/common/_bower.json', 438, 420 ]
214 silly gunzTarPerm extractEntry templates/common/_package.json
215 silly gunzTarPerm modified mode [ 'templates/common/_package.json', 438, 420 ]
216 silly gunzTarPerm extractEntry templates/common/gitignore
217 silly gunzTarPerm modified mode [ 'templates/common/gitignore', 438, 420 ]
218 silly gunzTarPerm extractEntry templates/common/root/.bowerrc
219 silly gunzTarPerm modified mode [ 'templates/common/root/.bowerrc', 438, 420 ]
220 silly gunzTarPerm extractEntry templates/common/root/.editorconfig
221 silly gunzTarPerm modified mode [ 'templates/common/root/.editorconfig', 438, 420 ]
222 silly gunzTarPerm extractEntry templates/common/root/.gitattributes
223 silly gunzTarPerm modified mode [ 'templates/common/root/.gitattributes', 438, 420 ]
224 silly gunzTarPerm extractEntry templates/common/root/.jshintrc
225 silly gunzTarPerm modified mode [ 'templates/common/root/.jshintrc', 438, 420 ]
226 silly gunzTarPerm extractEntry templates/common/root/app/.buildignore
227 silly gunzTarPerm modified mode [ 'templates/common/root/app/.buildignore', 438, 420 ]
228 silly gunzTarPerm extractEntry templates/common/root/app/.htaccess
229 silly gunzTarPerm modified mode [ 'templates/common/root/app/.htaccess', 438, 420 ]
230 silly gunzTarPerm extractEntry templates/common/root/app/favicon.ico
231 silly gunzTarPerm modified mode [ 'templates/common/root/app/favicon.ico', 438, 420 ]
232 silly gunzTarPerm extractEntry templates/common/root/app/robots.txt
233 silly gunzTarPerm modified mode [ 'templates/common/root/app/robots.txt', 438, 420 ]
234 silly gunzTarPerm extractEntry templates/common/root/test/client/.jshintrc
235 silly gunzTarPerm modified mode [ 'templates/common/root/test/client/.jshintrc', 438, 420 ]
236 silly gunzTarPerm extractEntry templates/common/root/test/client/runner.html
237 silly gunzTarPerm modified mode [ 'templates/common/root/test/client/runner.html', 438, 420 ]
238 silly gunzTarPerm extractEntry templates/deploy/heroku/Procfile
239 silly gunzTarPerm modified mode [ 'templates/deploy/heroku/Procfile', 438, 420 ]
240 silly gunzTarPerm extractEntry templates/deploy/openshift/hot_deploy
241 silly gunzTarPerm modified mode [ 'templates/deploy/openshift/hot_deploy', 438, 420 ]
242 silly gunzTarPerm extractEntry templates/express/middleware.js
243 silly gunzTarPerm modified mode [ 'templates/express/middleware.js', 438, 420 ]
244 silly gunzTarPerm extractEntry templates/express/routes.js
245 silly gunzTarPerm modified mode [ 'templates/express/routes.js', 438, 420 ]
246 silly gunzTarPerm extractEntry templates/express/server.js
247 silly gunzTarPerm modified mode [ 'templates/express/server.js', 438, 420 ]
248 silly gunzTarPerm extractEntry templates/express/config/config.js
249 silly gunzTarPerm modified mode [ 'templates/express/config/config.js', 438, 420 ]
250 silly gunzTarPerm extractEntry templates/express/config/dummydata.js
251 silly gunzTarPerm modified mode [ 'templates/express/config/dummydata.js', 438, 420 ]
252 silly gunzTarPerm extractEntry templates/express/config/express.js
253 silly gunzTarPerm modified mode [ 'templates/express/config/express.js', 438, 420 ]
254 silly gunzTarPerm extractEntry templates/express/config/passport.js
255 silly gunzTarPerm modified mode [ 'templates/express/config/passport.js', 438, 420 ]
256 silly gunzTarPerm extractEntry templates/express/config/env/all.js
257 silly gunzTarPerm modified mode [ 'templates/express/config/env/all.js', 438, 420 ]
258 silly gunzTarPerm extractEntry templates/express/config/env/development.js
259 silly gunzTarPerm modified mode [ 'templates/express/config/env/development.js', 438, 420 ]
260 silly gunzTarPerm extractEntry templates/express/config/env/production.js
261 silly gunzTarPerm modified mode [ 'templates/express/config/env/production.js', 438, 420 ]
262 silly gunzTarPerm extractEntry templates/express/config/env/test.js
263 silly gunzTarPerm modified mode [ 'templates/express/config/env/test.js', 438, 420 ]
264 silly gunzTarPerm extractEntry templates/express/controllers/api.js
265 silly gunzTarPerm modified mode [ 'templates/express/controllers/api.js', 438, 420 ]
266 silly gunzTarPerm extractEntry templates/express/controllers/index.js
267 silly gunzTarPerm modified mode [ 'templates/express/controllers/index.js', 438, 420 ]
268 silly gunzTarPerm extractEntry templates/express/controllers/session.js
269 silly gunzTarPerm modified mode [ 'templates/express/controllers/session.js', 438, 420 ]
270 silly gunzTarPerm extractEntry templates/express/controllers/users.js
271 silly gunzTarPerm modified mode [ 'templates/express/controllers/users.js', 438, 420 ]
272 silly gunzTarPerm extractEntry templates/express/jshintrc
273 silly gunzTarPerm modified mode [ 'templates/express/jshintrc', 438, 420 ]
274 silly gunzTarPerm extractEntry templates/express/models/thing.js
275 silly gunzTarPerm modified mode [ 'templates/express/models/thing.js', 438, 420 ]
276 silly gunzTarPerm extractEntry templates/express/models/user.js
277 silly gunzTarPerm modified mode [ 'templates/express/models/user.js', 438, 420 ]
278 silly gunzTarPerm extractEntry templates/express/test/thing/api.js
279 silly gunzTarPerm modified mode [ 'templates/express/test/thing/api.js', 438, 420 ]
280 silly gunzTarPerm extractEntry templates/express/test/user/model.js
281 silly gunzTarPerm modified mode [ 'templates/express/test/user/model.js', 438, 420 ]
282 silly gunzTarPerm extractEntry templates/javascript/app.js
283 silly gunzTarPerm modified mode [ 'templates/javascript/app.js', 438, 420 ]
284 silly gunzTarPerm extractEntry templates/javascript/controller.js
285 silly gunzTarPerm modified mode [ 'templates/javascript/controller.js', 438, 420 ]
286 silly gunzTarPerm extractEntry templates/javascript/decorator.js
287 silly gunzTarPerm modified mode [ 'templates/javascript/decorator.js', 438, 420 ]
288 silly gunzTarPerm extractEntry templates/javascript/directive.js
289 silly gunzTarPerm modified mode [ 'templates/javascript/directive.js', 438, 420 ]
290 silly gunzTarPerm extractEntry templates/javascript/filter.js
291 silly gunzTarPerm modified mode [ 'templates/javascript/filter.js', 438, 420 ]
292 silly gunzTarPerm extractEntry templates/javascript/controllers/login.js
293 silly gunzTarPerm modified mode [ 'templates/javascript/controllers/login.js', 438, 420 ]
294 silly gunzTarPerm extractEntry templates/javascript/controllers/navbar.js
295 silly gunzTarPerm modified mode [ 'templates/javascript/controllers/navbar.js', 438, 420 ]
296 silly gunzTarPerm extractEntry templates/javascript/controllers/settings.js
297 silly gunzTarPerm modified mode [ 'templates/javascript/controllers/settings.js', 438, 420 ]
298 silly gunzTarPerm extractEntry templates/javascript/controllers/signup.js
299 silly gunzTarPerm modified mode [ 'templates/javascript/controllers/signup.js', 438, 420 ]
300 silly gunzTarPerm extractEntry templates/javascript/directives/mongooseError.js
301 silly gunzTarPerm modified mode [ 'templates/javascript/directives/mongooseError.js', 438, 420 ]
302 silly gunzTarPerm extractEntry templates/javascript/service/constant.js
303 silly gunzTarPerm modified mode [ 'templates/javascript/service/constant.js', 438, 420 ]
304 silly gunzTarPerm extractEntry templates/javascript/service/factory.js
305 silly gunzTarPerm modified mode [ 'templates/javascript/service/factory.js', 438, 420 ]
306 silly gunzTarPerm extractEntry templates/javascript/service/provider.js
307 silly gunzTarPerm modified mode [ 'templates/javascript/service/provider.js', 438, 420 ]
308 silly gunzTarPerm extractEntry templates/javascript/service/service.js
309 silly gunzTarPerm modified mode [ 'templates/javascript/service/service.js', 438, 420 ]
310 silly gunzTarPerm extractEntry templates/javascript/service/value.js
311 silly gunzTarPerm modified mode [ 'templates/javascript/service/value.js', 438, 420 ]
312 silly gunzTarPerm extractEntry templates/javascript/services/auth.js
313 silly gunzTarPerm modified mode [ 'templates/javascript/services/auth.js', 438, 420 ]
314 silly gunzTarPerm extractEntry templates/javascript/services/session.js
315 silly gunzTarPerm modified mode [ 'templates/javascript/services/session.js', 438, 420 ]
316 silly gunzTarPerm extractEntry templates/javascript/services/user.js
317 silly gunzTarPerm modified mode [ 'templates/javascript/services/user.js', 438, 420 ]
318 silly gunzTarPerm extractEntry templates/javascript/spec/controller.js
319 silly gunzTarPerm modified mode [ 'templates/javascript/spec/controller.js', 438, 420 ]
320 silly gunzTarPerm extractEntry templates/javascript/spec/directive.js
321 silly gunzTarPerm modified mode [ 'templates/javascript/spec/directive.js', 438, 420 ]
322 silly gunzTarPerm extractEntry templates/javascript/spec/filter.js
323 silly gunzTarPerm modified mode [ 'templates/javascript/spec/filter.js', 438, 420 ]
324 silly gunzTarPerm extractEntry templates/javascript/spec/service.js
325 silly gunzTarPerm modified mode [ 'templates/javascript/spec/service.js', 438, 420 ]
326 silly gunzTarPerm extractEntry templates/javascript-min/app.js
327 silly gunzTarPerm modified mode [ 'templates/javascript-min/app.js', 438, 420 ]
328 silly gunzTarPerm extractEntry templates/javascript-min/auth.js
329 silly gunzTarPerm modified mode [ 'templates/javascript-min/auth.js', 438, 420 ]
330 silly gunzTarPerm extractEntry templates/javascript-min/controller.js
331 silly gunzTarPerm modified mode [ 'templates/javascript-min/controller.js', 438, 420 ]
332 silly gunzTarPerm extractEntry templates/javascript-min/decorator.js
333 silly gunzTarPerm modified mode [ 'templates/javascript-min/decorator.js', 438, 420 ]
334 silly gunzTarPerm extractEntry templates/javascript-min/directive.js
335 silly gunzTarPerm modified mode [ 'templates/javascript-min/directive.js', 438, 420 ]
336 silly gunzTarPerm extractEntry templates/javascript-min/filter.js
337 silly gunzTarPerm modified mode [ 'templates/javascript-min/filter.js', 438, 420 ]
338 silly gunzTarPerm extractEntry templates/javascript-min/navbar.js
339 silly gunzTarPerm modified mode [ 'templates/javascript-min/navbar.js', 438, 420 ]
340 silly gunzTarPerm extractEntry templates/javascript-min/service/constant.js
341 silly gunzTarPerm modified mode [ 'templates/javascript-min/service/constant.js', 438, 420 ]
342 silly gunzTarPerm extractEntry templates/javascript-min/service/factory.js
343 silly gunzTarPerm modified mode [ 'templates/javascript-min/service/factory.js', 438, 420 ]
344 silly gunzTarPerm extractEntry templates/javascript-min/service/provider.js
345 silly gunzTarPerm modified mode [ 'templates/javascript-min/service/provider.js', 438, 420 ]
346 silly gunzTarPerm extractEntry templates/javascript-min/service/service.js
347 silly gunzTarPerm modified mode [ 'templates/javascript-min/service/service.js', 438, 420 ]
348 silly gunzTarPerm extractEntry templates/javascript-min/service/value.js
349 silly gunzTarPerm modified mode [ 'templates/javascript-min/service/value.js', 438, 420 ]
350 silly gunzTarPerm extractEntry templates/javascript-min/spec/controller.js
351 silly gunzTarPerm modified mode [ 'templates/javascript-min/spec/controller.js', 438, 420 ]
352 silly gunzTarPerm extractEntry templates/javascript-min/spec/directive.js
353 silly gunzTarPerm modified mode [ 'templates/javascript-min/spec/directive.js', 438, 420 ]
354 silly gunzTarPerm extractEntry templates/javascript-min/spec/filter.js
355 silly gunzTarPerm modified mode [ 'templates/javascript-min/spec/filter.js', 438, 420 ]
356 silly gunzTarPerm extractEntry templates/javascript-min/spec/service.js
357 silly gunzTarPerm modified mode [ 'templates/javascript-min/spec/service.js', 438, 420 ]
358 silly gunzTarPerm extractEntry templates/views/html/404.html
359 silly gunzTarPerm modified mode [ 'templates/views/html/404.html', 438, 420 ]
360 silly gunzTarPerm extractEntry templates/views/html/index.html
361 silly gunzTarPerm modified mode [ 'templates/views/html/index.html', 438, 420 ]
362 silly gunzTarPerm extractEntry templates/views/html/partials/login.html
363 silly gunzTarPerm modified mode [ 'templates/views/html/partials/login.html', 438, 420 ]
364 silly gunzTarPerm extractEntry templates/views/html/partials/main.html
365 silly gunzTarPerm modified mode [ 'templates/views/html/partials/main.html', 438, 420 ]
366 silly gunzTarPerm extractEntry templates/views/html/partials/navbar.html
367 silly gunzTarPerm modified mode [ 'templates/views/html/partials/navbar.html', 438, 420 ]
368 silly gunzTarPerm extractEntry templates/views/html/partials/settings.html
369 silly gunzTarPerm modified mode [ 'templates/views/html/partials/settings.html', 438, 420 ]
370 silly gunzTarPerm extractEntry templates/views/html/partials/signup.html
371 silly gunzTarPerm modified mode [ 'templates/views/html/partials/signup.html', 438, 420 ]
372 silly gunzTarPerm extractEntry templates/views/html/view.html
373 silly gunzTarPerm modified mode [ 'templates/views/html/view.html', 438, 420 ]
374 silly gunzTarPerm extractEntry templates/views/jade/404.jade
375 silly gunzTarPerm modified mode [ 'templates/views/jade/404.jade', 438, 420 ]
376 silly gunzTarPerm extractEntry templates/views/jade/index.jade
377 silly gunzTarPerm modified mode [ 'templates/views/jade/index.jade', 438, 420 ]
378 silly gunzTarPerm extractEntry templates/views/jade/partials/login.jade
379 silly gunzTarPerm modified mode [ 'templates/views/jade/partials/login.jade', 438, 420 ]
380 silly gunzTarPerm extractEntry templates/views/jade/partials/main.jade
381 silly gunzTarPerm modified mode [ 'templates/views/jade/partials/main.jade', 438, 420 ]
382 silly gunzTarPerm extractEntry templates/views/jade/partials/navbar.jade
383 silly gunzTarPerm modified mode [ 'templates/views/jade/partials/navbar.jade', 438, 420 ]
384 silly gunzTarPerm extractEntry templates/views/jade/partials/settings.jade
385 silly gunzTarPerm modified mode [ 'templates/views/jade/partials/settings.jade', 438, 420 ]
386 silly gunzTarPerm extractEntry templates/views/jade/partials/signup.jade
387 silly gunzTarPerm modified mode [ 'templates/views/jade/partials/signup.jade', 438, 420 ]
388 silly gunzTarPerm extractEntry templates/views/jade/view.jade
389 silly gunzTarPerm modified mode [ 'templates/views/jade/view.jade', 438, 420 ]
390 silly gunzTarPerm extractEntry test/test-appname-substitution.js
391 silly gunzTarPerm modified mode [ 'test/test-appname-substitution.js', 438, 420 ]
392 silly gunzTarPerm extractEntry test/test-file-creation.js
393 silly gunzTarPerm modified mode [ 'test/test-file-creation.js', 438, 420 ]
394 silly gunzTarPerm extractEntry CHANGELOG.md
395 silly gunzTarPerm modified mode [ 'CHANGELOG.md', 438, 420 ]
396 silly gunzTarPerm extractEntry value/index.js
397 silly gunzTarPerm modified mode [ 'value/index.js', 438, 420 ]
398 silly gunzTarPerm extractEntry value/USAGE
399 silly gunzTarPerm modified mode [ 'value/USAGE', 438, 420 ]
400 silly gunzTarPerm extractEntry view/index.js
401 silly gunzTarPerm modified mode [ 'view/index.js', 438, 420 ]
402 silly gunzTarPerm extractEntry view/USAGE
403 silly gunzTarPerm modified mode [ 'view/USAGE', 438, 420 ]
404 silly lockFile 93ca4313-4057-0-20032848441042006-package tar:///var/folders/hr/qp645pn1047_v31m2nby2ttc0000gn/T/npm-14018-TjTtN_QT/1397888034057-0.20032848441042006/package
405 silly lockFile 93ca4313-4057-0-20032848441042006-package tar:///var/folders/hr/qp645pn1047_v31m2nby2ttc0000gn/T/npm-14018-TjTtN_QT/1397888034057-0.20032848441042006/package
406 silly lockFile 3d4f67dc-4057-0-20032848441042006-tmp-tgz tar:///var/folders/hr/qp645pn1047_v31m2nby2ttc0000gn/T/npm-14018-TjTtN_QT/1397888034057-0.20032848441042006/tmp.tgz
407 silly lockFile 3d4f67dc-4057-0-20032848441042006-tmp-tgz tar:///var/folders/hr/qp645pn1047_v31m2nby2ttc0000gn/T/npm-14018-TjTtN_QT/1397888034057-0.20032848441042006/tmp.tgz
408 verbose tar pack [ '/Users/charosez/.npm/generator-angular-fullstack/1.4.2/package.tgz',
408 verbose tar pack   '/var/folders/hr/qp645pn1047_v31m2nby2ttc0000gn/T/npm-14018-TjTtN_QT/1397888034057-0.20032848441042006/package' ]
409 verbose tarball /Users/charosez/.npm/generator-angular-fullstack/1.4.2/package.tgz
410 verbose folder /var/folders/hr/qp645pn1047_v31m2nby2ttc0000gn/T/npm-14018-TjTtN_QT/1397888034057-0.20032848441042006/package
411 silly lockFile 93ca4313-4057-0-20032848441042006-package tar:///var/folders/hr/qp645pn1047_v31m2nby2ttc0000gn/T/npm-14018-TjTtN_QT/1397888034057-0.20032848441042006/package
412 verbose lock tar:///var/folders/hr/qp645pn1047_v31m2nby2ttc0000gn/T/npm-14018-TjTtN_QT/1397888034057-0.20032848441042006/package /Users/charosez/.npm/93ca4313-4057-0-20032848441042006-package.lock
413 silly lockFile 6f36255a-ular-fullstack-1-4-2-package-tgz tar:///Users/charosez/.npm/generator-angular-fullstack/1.4.2/package.tgz
414 verbose lock tar:///Users/charosez/.npm/generator-angular-fullstack/1.4.2/package.tgz /Users/charosez/.npm/6f36255a-ular-fullstack-1-4-2-package-tgz.lock
415 silly lockFile 93ca4313-4057-0-20032848441042006-package tar:///var/folders/hr/qp645pn1047_v31m2nby2ttc0000gn/T/npm-14018-TjTtN_QT/1397888034057-0.20032848441042006/package
416 silly lockFile 93ca4313-4057-0-20032848441042006-package tar:///var/folders/hr/qp645pn1047_v31m2nby2ttc0000gn/T/npm-14018-TjTtN_QT/1397888034057-0.20032848441042006/package
417 silly lockFile 6f36255a-ular-fullstack-1-4-2-package-tgz tar:///Users/charosez/.npm/generator-angular-fullstack/1.4.2/package.tgz
418 silly lockFile 6f36255a-ular-fullstack-1-4-2-package-tgz tar:///Users/charosez/.npm/generator-angular-fullstack/1.4.2/package.tgz
419 silly lockFile 0e193fcb--angular-fullstack-1-4-2-package /Users/charosez/.npm/generator-angular-fullstack/1.4.2/package
420 verbose lock /Users/charosez/.npm/generator-angular-fullstack/1.4.2/package /Users/charosez/.npm/0e193fcb--angular-fullstack-1-4-2-package.lock
421 silly lockFile 0e193fcb--angular-fullstack-1-4-2-package /Users/charosez/.npm/generator-angular-fullstack/1.4.2/package
422 silly lockFile 0e193fcb--angular-fullstack-1-4-2-package /Users/charosez/.npm/generator-angular-fullstack/1.4.2/package
423 verbose tar unpack /Users/charosez/.npm/generator-angular-fullstack/1.4.2/package.tgz
424 silly lockFile a62846b9--angular-fullstack-1-4-2-package tar:///Users/charosez/.npm/generator-angular-fullstack/1.4.2/package
425 verbose lock tar:///Users/charosez/.npm/generator-angular-fullstack/1.4.2/package /Users/charosez/.npm/a62846b9--angular-fullstack-1-4-2-package.lock
426 silly lockFile 6f36255a-ular-fullstack-1-4-2-package-tgz tar:///Users/charosez/.npm/generator-angular-fullstack/1.4.2/package.tgz
427 verbose lock tar:///Users/charosez/.npm/generator-angular-fullstack/1.4.2/package.tgz /Users/charosez/.npm/6f36255a-ular-fullstack-1-4-2-package-tgz.lock
428 silly gunzTarPerm modes [ '755', '644' ]
429 silly gunzTarPerm extractEntry package.json
430 silly gunzTarPerm extractEntry .npmignore
431 silly gunzTarPerm extractEntry Gruntfile.js
432 silly gunzTarPerm extractEntry script-base.js
433 silly gunzTarPerm extractEntry util.js
434 silly gunzTarPerm extractEntry factory/index.js
435 silly gunzTarPerm extractEntry factory/USAGE
436 silly gunzTarPerm extractEntry .jshintrc
437 silly gunzTarPerm extractEntry app/index.js
438 silly gunzTarPerm extractEntry app/USAGE
439 silly gunzTarPerm extractEntry app/templates/fonts/glyphicons-halflings-regular.eot
440 silly gunzTarPerm extractEntry app/templates/fonts/glyphicons-halflings-regular.svg
441 silly gunzTarPerm extractEntry app/templates/fonts/glyphicons-halflings-regular.ttf
442 silly gunzTarPerm extractEntry app/templates/fonts/glyphicons-halflings-regular.woff
443 silly gunzTarPerm extractEntry app/templates/images/yeoman.png
444 silly gunzTarPerm extractEntry app/templates/styles/main.css
445 silly gunzTarPerm extractEntry app/templates/styles/main.scss
446 silly gunzTarPerm extractEntry common/index.js
447 silly gunzTarPerm extractEntry constant/index.js
448 silly gunzTarPerm extractEntry constant/USAGE
449 silly gunzTarPerm extractEntry contributing.md
450 silly gunzTarPerm extractEntry controller/index.js
451 silly gunzTarPerm extractEntry controller/USAGE
452 silly gunzTarPerm extractEntry decorator/index.js
453 silly gunzTarPerm extractEntry decorator/USAGE
454 silly gunzTarPerm extractEntry deploy/index.js
455 silly gunzTarPerm extractEntry deploy/USAGE
456 silly gunzTarPerm extractEntry directive/index.js
457 silly gunzTarPerm extractEntry directive/USAGE
458 silly gunzTarPerm extractEntry .gitattributes
459 silly gunzTarPerm extractEntry filter/index.js
460 silly gunzTarPerm extractEntry filter/USAGE
461 silly gunzTarPerm extractEntry heroku/index.js
462 silly gunzTarPerm extractEntry heroku/USAGE
463 silly gunzTarPerm extractEntry main/index.js
464 silly gunzTarPerm extractEntry openshift/index.js
465 silly gunzTarPerm extractEntry openshift/USAGE
466 silly gunzTarPerm extractEntry .editorconfig
467 silly gunzTarPerm extractEntry provider/index.js
468 silly gunzTarPerm extractEntry provider/USAGE
469 silly gunzTarPerm extractEntry readme.md
470 silly gunzTarPerm extractEntry route/index.js
471 silly gunzTarPerm extractEntry route/USAGE
472 silly gunzTarPerm extractEntry .travis.yml
473 silly gunzTarPerm extractEntry service/index.js
474 silly gunzTarPerm extractEntry service/USAGE
475 silly gunzTarPerm extractEntry templates/coffeescript/app.coffee
476 silly gunzTarPerm extractEntry templates/coffeescript/controller.coffee
477 silly gunzTarPerm extractEntry templates/coffeescript/controllers/login.coffee
478 silly gunzTarPerm extractEntry templates/coffeescript/controllers/navbar.coffee
479 silly gunzTarPerm extractEntry templates/coffeescript/controllers/settings.coffee
480 silly gunzTarPerm extractEntry templates/coffeescript/controllers/signup.coffee
481 silly gunzTarPerm extractEntry templates/coffeescript/decorator.coffee
482 silly gunzTarPerm extractEntry templates/coffeescript/directive.coffee
483 silly gunzTarPerm extractEntry templates/coffeescript/directives/mongooseError.coffee
484 silly gunzTarPerm extractEntry templates/coffeescript/filter.coffee
485 silly gunzTarPerm extractEntry templates/coffeescript/service/constant.coffee
486 silly gunzTarPerm extractEntry templates/coffeescript/service/factory.coffee
487 silly gunzTarPerm extractEntry templates/coffeescript/service/provider.coffee
488 silly gunzTarPerm extractEntry templates/coffeescript/service/service.coffee
489 silly gunzTarPerm extractEntry templates/coffeescript/service/value.coffee
490 silly gunzTarPerm extractEntry templates/coffeescript/services/auth.coffee
491 silly gunzTarPerm extractEntry templates/coffeescript/services/session.coffee
492 silly gunzTarPerm extractEntry templates/coffeescript/services/user.coffee
493 silly gunzTarPerm extractEntry templates/coffeescript/spec/controller.coffee
494 silly gunzTarPerm extractEntry templates/coffeescript/spec/directive.coffee
495 silly gunzTarPerm extractEntry templates/coffeescript/spec/filter.coffee
496 silly gunzTarPerm extractEntry templates/coffeescript/spec/service.coffee
497 silly gunzTarPerm extractEntry templates/coffeescript-min/app.coffee
498 silly gunzTarPerm extractEntry templates/coffeescript-min/auth.coffee
499 silly gunzTarPerm extractEntry templates/coffeescript-min/controller.coffee
500 silly gunzTarPerm extractEntry templates/coffeescript-min/decorator.coffee
501 silly gunzTarPerm extractEntry templates/coffeescript-min/directive.coffee
502 silly gunzTarPerm extractEntry templates/coffeescript-min/filter.coffee
503 silly gunzTarPerm extractEntry templates/coffeescript-min/navbar.coffee
504 silly gunzTarPerm extractEntry templates/coffeescript-min/service/constant.coffee
505 silly gunzTarPerm extractEntry templates/coffeescript-min/service/factory.coffee
506 silly gunzTarPerm extractEntry templates/coffeescript-min/service/provider.coffee
507 silly gunzTarPerm extractEntry templates/coffeescript-min/service/service.coffee
508 silly gunzTarPerm extractEntry templates/coffeescript-min/service/value.coffee
509 silly gunzTarPerm extractEntry templates/coffeescript-min/spec/controller.coffee
510 silly gunzTarPerm extractEntry templates/coffeescript-min/spec/directive.coffee
511 silly gunzTarPerm extractEntry templates/coffeescript-min/spec/filter.coffee
512 silly gunzTarPerm extractEntry templates/coffeescript-min/spec/service.coffee
513 silly gunzTarPerm extractEntry templates/common/Gruntfile.js
514 silly gunzTarPerm extractEntry templates/common/_bower.json
515 silly gunzTarPerm extractEntry templates/common/_package.json
516 silly gunzTarPerm extractEntry templates/common/gitignore
517 silly gunzTarPerm extractEntry templates/common/root/.bowerrc
518 silly gunzTarPerm extractEntry templates/common/root/.editorconfig
519 silly gunzTarPerm extractEntry templates/common/root/.gitattributes
520 silly gunzTarPerm extractEntry templates/common/root/.jshintrc
521 silly gunzTarPerm extractEntry templates/common/root/app/.buildignore
522 silly gunzTarPerm extractEntry templates/common/root/app/.htaccess
523 silly gunzTarPerm extractEntry templates/common/root/app/favicon.ico
524 silly gunzTarPerm extractEntry templates/common/root/app/robots.txt
525 silly gunzTarPerm extractEntry templates/common/root/test/client/.jshintrc
526 silly gunzTarPerm extractEntry templates/common/root/test/client/runner.html
527 silly gunzTarPerm extractEntry templates/deploy/heroku/Procfile
528 silly gunzTarPerm extractEntry templates/deploy/openshift/hot_deploy
529 silly gunzTarPerm extractEntry templates/express/middleware.js
530 silly gunzTarPerm extractEntry templates/express/routes.js
531 silly gunzTarPerm extractEntry templates/express/server.js
532 silly gunzTarPerm extractEntry templates/express/config/config.js
533 silly gunzTarPerm extractEntry templates/express/config/dummydata.js
534 silly gunzTarPerm extractEntry templates/express/config/express.js
535 silly gunzTarPerm extractEntry templates/express/config/passport.js
536 silly gunzTarPerm extractEntry templates/express/config/env/all.js
537 silly gunzTarPerm extractEntry templates/express/config/env/development.js
538 silly gunzTarPerm extractEntry templates/express/config/env/production.js
539 silly gunzTarPerm extractEntry templates/express/config/env/test.js
540 silly gunzTarPerm extractEntry templates/express/controllers/api.js
541 silly gunzTarPerm extractEntry templates/express/controllers/index.js
542 silly gunzTarPerm extractEntry templates/express/controllers/session.js
543 silly gunzTarPerm extractEntry templates/express/controllers/users.js
544 silly gunzTarPerm extractEntry templates/express/jshintrc
545 silly gunzTarPerm extractEntry templates/express/models/thing.js
546 silly gunzTarPerm extractEntry templates/express/models/user.js
547 silly gunzTarPerm extractEntry templates/express/test/thing/api.js
548 silly gunzTarPerm extractEntry templates/express/test/user/model.js
549 silly gunzTarPerm extractEntry templates/javascript/app.js
550 silly gunzTarPerm extractEntry templates/javascript/controller.js
551 silly gunzTarPerm extractEntry templates/javascript/decorator.js
552 silly gunzTarPerm extractEntry templates/javascript/directive.js
553 silly gunzTarPerm extractEntry templates/javascript/filter.js
554 silly gunzTarPerm extractEntry templates/javascript/controllers/login.js
555 silly gunzTarPerm extractEntry templates/javascript/controllers/navbar.js
556 silly gunzTarPerm extractEntry templates/javascript/controllers/settings.js
557 silly gunzTarPerm extractEntry templates/javascript/controllers/signup.js
558 silly gunzTarPerm extractEntry templates/javascript/directives/mongooseError.js
559 silly gunzTarPerm extractEntry templates/javascript/service/constant.js
560 silly gunzTarPerm extractEntry templates/javascript/service/factory.js
561 silly gunzTarPerm extractEntry templates/javascript/service/provider.js
562 silly gunzTarPerm extractEntry templates/javascript/service/service.js
563 silly gunzTarPerm extractEntry templates/javascript/service/value.js
564 silly gunzTarPerm extractEntry templates/javascript/services/auth.js
565 silly gunzTarPerm extractEntry templates/javascript/services/session.js
566 silly gunzTarPerm extractEntry templates/javascript/services/user.js
567 silly gunzTarPerm extractEntry templates/javascript/spec/controller.js
568 silly gunzTarPerm extractEntry templates/javascript/spec/directive.js
569 silly gunzTarPerm extractEntry templates/javascript/spec/filter.js
570 silly gunzTarPerm extractEntry templates/javascript/spec/service.js
571 silly gunzTarPerm extractEntry templates/javascript-min/app.js
572 silly gunzTarPerm extractEntry templates/javascript-min/auth.js
573 silly gunzTarPerm extractEntry templates/javascript-min/controller.js
574 silly gunzTarPerm extractEntry templates/javascript-min/decorator.js
575 silly gunzTarPerm extractEntry templates/javascript-min/directive.js
576 silly gunzTarPerm extractEntry templates/javascript-min/filter.js
577 silly gunzTarPerm extractEntry templates/javascript-min/navbar.js
578 silly gunzTarPerm extractEntry templates/javascript-min/service/constant.js
579 silly gunzTarPerm extractEntry templates/javascript-min/service/factory.js
580 silly gunzTarPerm extractEntry templates/javascript-min/service/provider.js
581 silly gunzTarPerm extractEntry templates/javascript-min/service/service.js
582 silly gunzTarPerm extractEntry templates/javascript-min/service/value.js
583 silly gunzTarPerm extractEntry templates/javascript-min/spec/controller.js
584 silly gunzTarPerm extractEntry templates/javascript-min/spec/directive.js
585 silly gunzTarPerm extractEntry templates/javascript-min/spec/filter.js
586 silly gunzTarPerm extractEntry templates/javascript-min/spec/service.js
587 silly gunzTarPerm extractEntry templates/views/html/404.html
588 silly gunzTarPerm extractEntry templates/views/html/index.html
589 silly gunzTarPerm extractEntry templates/views/html/partials/login.html
590 silly gunzTarPerm extractEntry templates/views/html/partials/main.html
591 silly gunzTarPerm extractEntry templates/views/html/partials/navbar.html
592 silly gunzTarPerm extractEntry templates/views/html/partials/settings.html
593 silly gunzTarPerm extractEntry templates/views/html/partials/signup.html
594 silly gunzTarPerm extractEntry templates/views/html/view.html
595 silly gunzTarPerm extractEntry templates/views/jade/404.jade
596 silly gunzTarPerm extractEntry templates/views/jade/index.jade
597 silly gunzTarPerm extractEntry templates/views/jade/partials/login.jade
598 silly gunzTarPerm extractEntry templates/views/jade/partials/main.jade
599 silly gunzTarPerm extractEntry templates/views/jade/partials/navbar.jade
600 silly gunzTarPerm extractEntry templates/views/jade/partials/settings.jade
601 silly gunzTarPerm extractEntry templates/views/jade/partials/signup.jade
602 silly gunzTarPerm extractEntry templates/views/jade/view.jade
603 silly gunzTarPerm extractEntry test/test-appname-substitution.js
604 silly gunzTarPerm extractEntry test/test-file-creation.js
605 silly gunzTarPerm extractEntry CHANGELOG.md
606 silly gunzTarPerm extractEntry value/index.js
607 silly gunzTarPerm extractEntry value/USAGE
608 silly gunzTarPerm extractEntry view/index.js
609 silly gunzTarPerm extractEntry view/USAGE
610 silly lockFile a62846b9--angular-fullstack-1-4-2-package tar:///Users/charosez/.npm/generator-angular-fullstack/1.4.2/package
611 silly lockFile a62846b9--angular-fullstack-1-4-2-package tar:///Users/charosez/.npm/generator-angular-fullstack/1.4.2/package
612 silly lockFile 6f36255a-ular-fullstack-1-4-2-package-tgz tar:///Users/charosez/.npm/generator-angular-fullstack/1.4.2/package.tgz
613 silly lockFile 6f36255a-ular-fullstack-1-4-2-package-tgz tar:///Users/charosez/.npm/generator-angular-fullstack/1.4.2/package.tgz
614 verbose chmod /Users/charosez/.npm/generator-angular-fullstack/1.4.2/package.tgz 644
615 verbose chown /Users/charosez/.npm/generator-angular-fullstack/1.4.2/package.tgz [ 501, 20 ]
616 silly lockFile 88b27913-ator-angular-fullstack-1-4-2-tgz https://registry.npmjs.org/generator-angular-fullstack/-/generator-angular-fullstack-1.4.2.tgz
617 silly lockFile 88b27913-ator-angular-fullstack-1-4-2-tgz https://registry.npmjs.org/generator-angular-fullstack/-/generator-angular-fullstack-1.4.2.tgz
618 silly lockFile 76b2f78e-enerator-angular-fullstack-1-4-2 generator-angular-fullstack@1.4.2
619 silly lockFile 76b2f78e-enerator-angular-fullstack-1-4-2 generator-angular-fullstack@1.4.2
620 silly lockFile 8bc0e010-generator-angular-fullstack generator-angular-fullstack@
621 silly lockFile 8bc0e010-generator-angular-fullstack generator-angular-fullstack@
622 silly resolved [ { name: 'generator-angular-fullstack',
622 silly resolved     version: '1.4.2',
622 silly resolved     description: 'Yeoman generator for creating MEAN stack applications, using MongoDB, Express, AngularJS, and Node',
622 silly resolved     keywords:
622 silly resolved      [ 'yeoman-generator',
622 silly resolved        'mean',
622 silly resolved        'mongodb',
622 silly resolved        'angularjs',
622 silly resolved        'express',
622 silly resolved        'scaffold',
622 silly resolved        'fullstack',
622 silly resolved        'framework',
622 silly resolved        'component',
622 silly resolved        'front-end',
622 silly resolved        'app' ],
622 silly resolved     homepage: 'https://github.com/DaftMonk/generator-angular-fullstack',
622 silly resolved     bugs: { url: 'https://github.com/DaftMonk/generator-angular-fullstack/issues' },
622 silly resolved     author: { name: 'Tyler Henkel' },
622 silly resolved     main: 'app/index.js',
622 silly resolved     repository:
622 silly resolved      { type: 'git',
622 silly resolved        url: 'git://github.com/DaftMonk/generator-angular-fullstack.git' },
622 silly resolved     scripts: { test: 'mocha' },
622 silly resolved     dependencies:
622 silly resolved      { 'yeoman-generator': '~0.16.0',
622 silly resolved        chalk: '~0.4.0',
622 silly resolved        wiredep: '~0.4.2' },
622 silly resolved     peerDependencies: { 'generator-karma': '>=0.7.0', yo: '>=1.0.0' },
622 silly resolved     devDependencies:
622 silly resolved      { mocha: '~1.14.0',
622 silly resolved        grunt: '~0.4.1',
622 silly resolved        'grunt-contrib-jshint': '~0.7.2',
622 silly resolved        'grunt-conventional-changelog': '~1.0.0',
622 silly resolved        'load-grunt-tasks': '~0.2.0',
622 silly resolved        marked: '~0.2.8',
622 silly resolved        semver: '~2.2.1',
622 silly resolved        'underscore.string': '~2.3.1',
622 silly resolved        'grunt-release': '~0.6.0' },
622 silly resolved     engines: { node: '>=0.10.0', npm: '>=1.2.10' },
622 silly resolved     licenses: [ [Object] ],
622 silly resolved     readme: '# AngularJS + Express Full Stack Generator \n\nYeoman generator for creating MEAN stack applications, using MongoDB, Express, AngularJS, and Node.\n\nFeaturing: \n\n * Express server integrated with grunt tasks\n * Livereload of client and server files\n * Support for Jade and CoffeeScript\n * Easy deployment workflow.\n * Optional MongoDB integration\n * Optional Passport integration for adding user accounts\n\n## Example project\n\nGenerated by saying yes to all questions: http://fullstack-demo.herokuapp.com/. \n\nHave a look at the source code: https://github.com/DaftMonk/fullstack-demo\n\n## Prerequisites\n\n* MongoDB - Download and Install [MongoDB](http://www.mongodb.org/downloads) - If you plan on scaffolding your project with mongoose, you\'ll need mongoDB to be installed.\n\n## Usage\n\nInstall `generator-angular-fullstack`:\n```bash\nnpm install -g generator-angular-fullstack\n```\n\nMake a new directory, and `cd` into it:\n```bash\nmkdir my-new-project && cd $_\n```\n\nRun `yo angular-fullstack`, optionally passing an app name:\n```bash\nyo angular-fullstack [app-name]\n```\n\n## Express\n\nLaunch your express server in development mode.\n```bash\ngrunt serve\n```\n\nLaunch your express server in `debug-brk` mode with a node-inspector tab.\n```bash\ngrunt serve:debug\n``` \n\nLaunch your express server in production mode, uses the minified/optimized production folder.\n```bash\ngrunt serve:dist\n``` \n\n### Livereload\n\n`grunt serve` will watch client files in `app/`, and server files inside `lib/`, restarting the Express server when a change is detected.\n\n## Deployment\n\nTo generate a dist folder that can easily be deployed use:\n\n```bash\ngrunt\n```\n\nThis will run unit tests, jshint, concatenate and minify scripts/css, compress images, add css vendor prefixes, and finally copy all files to a tidy dist folder.\n\nAlternatively to skip tests and jshint, use:\n\n```bash\ngrunt build\n```\n\n### OpenShift Deployment\nDeploying to OpenShift can be done in just a few steps:\n\n1. `mkdir myapp && cd myapp`\n2. `yo angular-fullstack myapp`\n3. `yo angular-fullstack:openshift`\n\nA live application URL will be available in the output.\n\n### Heroku Deployment\n\nWe provide an extremely simplifed deployment process for heroku.\n\n`yo angular-fullstack:deploy heroku` generates a `dist` folder that is deployment ready  for [heroku.com](http://heroku.com/). \n\n**Create and Deploy an app in 4 steps**\n\n1. `mkdir foo && cd foo`\n\n2. `yo angular-fullstack`\n\n3. `yo angular-fullstack:heroku`\n\n5. Optional (if using mongoDB) `heroku addons:add mongohq`\n\nThat\'s it! Your app should be live. Type `heroku open`  from the dist folder to view it.  \n\n## Generators\n\nAll of the **generator-angular** client side generators are available, but aliased with `angular-fullstack` to correctly generate with the fullstack folder structure. \n\nAngular sub-generators:\n\n* [angular-fullstack:controller](https://github.com/yeoman/generator-angular#controller)\n* [angular-fullstack:directive](https://github.com/yeoman/generator-angular#directive)\n* [angular-fullstack:filter](https://github.com/yeoman/generator-angular#filter)\n* [angular-fullstack:route](https://github.com/yeoman/generator-angular#route)\n* [angular-fullstack:service](https://github.com/yeoman/generator-angular#service)\n* [angular-fullstack:provider](https://github.com/yeoman/generator-angular#service)\n* [angular-fullstack:factory](https://github.com/yeoman/generator-angular#service)\n* [angular-fullstack:value](https://github.com/yeoman/generator-angular#service)\n* [angular-fullstack:constant](https://github.com/yeoman/generator-angular#service)\n* [angular-fullstack:decorator](https://github.com/yeoman/generator-angular#decorator)\n* [angular-fullstack:view](https://github.com/yeoman/generator-angular#view)\n\nFullstack sub-generators:\n\n* [angular-fullstack:deploy](#deploy)\n\n**Note: Generators are to be run from the root directory of your app.**\n\nRead more on the angular sub-generators from the offical [generator angular documentation][1] \n\n## Fullstack sub-generators\n\n### Heroku | Openshift\nInitalizes a remote Heroku or OpenShift application, generates a `dist` folder, and sets up a `git remote` to enable subsequent deployments.\n\nOpenShift Example:\n```bash\nyo angular-fullstack:openshift\n```\n\nOr, for Heroku:\n```bash\nyo angular-fullstack:heroku\n```\n\nTo do the same manually with heroku, you\'d need to:\n\n1. Build a dist folder `grunt build`\n2. Create a Procfile in the dist folder\n3. Create a repository: `git init && git add -A && git commit -m "Initial commit"`\n4. Create an app: `heroku apps:create && heroku config:set NODE_ENV=production`\n\n#### Pushing updates\nFor any platform, when you\'re ready to ship changes to your live app, run the following to generate a new build for deployment:\n```bash\ngrunt build\n```\n\nThen commit and push the resulting build, located in your `dist` folder:\n```bash\ncd dist &&\ngit push yourAppName master\n```\nOr, for Heroku:\n```bash\ngit push heroku master\n```\n\n## Options\nIn general, these options can be applied to any generator, though they only affect generators that produce scripts.\n\n### Jade\nFor generators that output views, the `--jade` option will output Jade instead of HTML.\n\nFor example:\n```bash\nyo angular-fullstack --jade\n```\n\nChanges the rendering engine from EJS to Jade, and generates your views as jade files instead of HTML.\n\nAssets that will be minified or compressed such as scripts, styles, and images, must still use normal html tags so they can be picked up by grunt-usemin and compressed for production builds.\n\n### CoffeeScript\nFor generators that output scripts, the `--coffee` option will output CoffeeScript instead of JavaScript.\n\nFor example:\n```bash\nyo angular-fullstack:controller user --coffee\n```\n\nProduces `app/scripts/controller/user.coffee`:\n```coffeescript\nangular.module(\'myMod\')\n  .controller \'UserCtrl\', ($scope) ->\n```\n\nA project can mix CoffeScript and JavaScript files.\n\nTo output JavaScript files, even if CoffeeScript files exist (the default is to output CoffeeScript files if the generator finds any in the project), use `--coffee=false`.\n\n### Minification Safe\n\n**Deprecated**\n\n[Related Issue #452](https://github.com/yeoman/generator-angular/issues/452): This option is being removed in future versions of the generator.\n\nBy default, generators produce unannotated code. Without annotations, AngularJS\'s DI system will break when minified. [ngMin](https://github.com/btford/ngmin) is used to add these annotations before minification.\n\n### Add to Index\nBy default, new scripts are added to the index file. However, this may not always be suitable. Some use cases:\n\n* Manually added to the file\n* Auto-added by a 3rd party plugin\n* Using this generator as a subgenerator\n\nTo skip adding them to the index, pass in the skip-add argument:\n```bash\nyo angular-fullstack:service serviceName --skip-add\n```\n\n## Bower Components\n\nThe following packages are always installed by the [app](#app) generator:\n\n* angular\n* angular-mocks\n* angular-scenario\n\n\nThe following additional modules are available as components on bower, and installable via `bower install`:\n\n* angular-cookies\n* angular-loader\n* angular-resource\n* angular-sanitize\n\nAll of these can be updated with `bower update` as new versions of AngularJS are released.\n\n## Passport boilerplate\n\nThe passport boilerplate requires the `ng-route`, `ng-resource`, and `ng-cookie` modules to work out of the box.\n\nIt generates a login, signup, and settings page, and creates the backend support for creating accounts using PassportJS.\n\n### Restricted routes\n\nFor restricting server API routes to logged in users, you can pass your routes through the `auth` middleware, which will send a 401 unauthorized error if a request is made from someone thats not authenticated.\n\nThe client side will automatically send you to the login page if it receives a 401 error.\n\nHowever, as this will load part of the page before redirecting, it will cause a flicker. A way to avoid this is to to mark the routes on the client side that you want to require authentication for. \n\nYou can do this from your `app.js` by adding the following to any client routes that you want to restrict to logged in users.\n\n```\nauthenticate: true\n```\n\nKeep in mind this client routing is only for improving the user interface. Make sure you secure your server API routes and don\'t give any sensitive information unless the user is authenticated or authorized.\n\n## Testing\n\nRunning `grunt test` will run the client and server unit tests with karma and mocha.\n\nUse `grunt test:server` to only run server tests.\n\nUse `grunt test:client` to only run client tests.\n\n## Contribute\n\nSee the [contributing docs](https://github.com/yeoman/yeoman/blob/master/contributing.md)\n\nWhen submitting an issue, please follow the [guidelines](https://github.com/yeoman/yeoman/blob/master/contributing.md#issue-submission). Especially important is to make sure Yeoman is up-to-date, and providing the command or commands that cause the issue.\n\nWhen submitting a PR, make sure that the commit messages match the [AngularJS conventions](https://docs.google.com/document/d/1QrDFcIiPjSLDn3EL15IJygNPiHORgU1_OOAqWjiDU5Y/).\n\n## License\n\n[BSD license](http://opensource.org/licenses/bsd-license.php)\n\n\n  [1]: https://github.com/yeoman/generator-angular#generators\n',
622 silly resolved     readmeFilename: 'readme.md',
622 silly resolved     _id: 'generator-angular-fullstack@1.4.2',
622 silly resolved     dist: { shasum: 'e6770e64ad475881432ef68d36c2af5d4048dfe7' },
622 silly resolved     _from: 'generator-angular-fullstack@',
622 silly resolved     _resolved: 'https://registry.npmjs.org/generator-angular-fullstack/-/generator-angular-fullstack-1.4.2.tgz' } ]
623 info install generator-angular-fullstack@1.4.2 into /usr/local/lib
624 info installOne generator-angular-fullstack@1.4.2
625 info /usr/local/lib/node_modules/generator-angular-fullstack unbuild
626 verbose tar unpack /Users/charosez/.npm/generator-angular-fullstack/1.4.2/package.tgz
627 silly lockFile fc84baa9-ules-generator-angular-fullstack tar:///usr/local/lib/node_modules/generator-angular-fullstack
628 verbose lock tar:///usr/local/lib/node_modules/generator-angular-fullstack /Users/charosez/.npm/fc84baa9-ules-generator-angular-fullstack.lock
629 silly lockFile 6f36255a-ular-fullstack-1-4-2-package-tgz tar:///Users/charosez/.npm/generator-angular-fullstack/1.4.2/package.tgz
630 verbose lock tar:///Users/charosez/.npm/generator-angular-fullstack/1.4.2/package.tgz /Users/charosez/.npm/6f36255a-ular-fullstack-1-4-2-package-tgz.lock
631 silly gunzTarPerm modes [ '755', '644' ]
632 error Error: EACCES, mkdir '/usr/local/lib/node_modules/generator-angular-fullstack'
632 error  { [Error: EACCES, mkdir '/usr/local/lib/node_modules/generator-angular-fullstack']
632 error   errno: 3,
632 error   code: 'EACCES',
632 error   path: '/usr/local/lib/node_modules/generator-angular-fullstack',
632 error   fstream_type: 'Directory',
632 error   fstream_path: '/usr/local/lib/node_modules/generator-angular-fullstack',
632 error   fstream_class: 'DirWriter',
632 error   fstream_stack:
632 error    [ '/usr/local/lib/node_modules/npm/node_modules/fstream/lib/dir-writer.js:36:23',
632 error      '/usr/local/lib/node_modules/npm/node_modules/mkdirp/index.js:37:53',
632 error      'Object.oncomplete (fs.js:107:15)' ] }
633 error Please try running this command again as root/Administrator.
634 error System Darwin 13.1.0
635 error command "node" "/usr/local/bin/npm" "install" "-g" "generator-angular-fullstack"
636 error cwd /Users/charosez/Git/waterbase-app
637 error node -v v0.10.26
638 error npm -v 1.4.3
639 error path /usr/local/lib/node_modules/generator-angular-fullstack
640 error fstream_path /usr/local/lib/node_modules/generator-angular-fullstack
641 error fstream_type Directory
642 error fstream_class DirWriter
643 error code EACCES
644 error errno 3
645 error stack Error: EACCES, mkdir '/usr/local/lib/node_modules/generator-angular-fullstack'
646 error fstream_stack /usr/local/lib/node_modules/npm/node_modules/fstream/lib/dir-writer.js:36:23
646 error fstream_stack /usr/local/lib/node_modules/npm/node_modules/mkdirp/index.js:37:53
646 error fstream_stack Object.oncomplete (fs.js:107:15)
647 verbose exit [ 3, true ]
